<?xml version="1.0" encoding="UTF-8"?>
<testng-results ignored="0" total="2" passed="2" failed="0" skipped="0">
  <reporter-output>
  </reporter-output>
  <suite started-at="2023-08-24T12:02:30 IST" name="Suite" finished-at="2023-08-24T12:02:42 IST" duration-ms="11868">
    <groups>
    </groups>
    <test started-at="2023-08-24T12:02:30 IST" name="Test" finished-at="2023-08-24T12:02:42 IST" duration-ms="11868">
      <class name="Khus.Khushbu">
        <test-method signature="GooglePixeldetails()[pri:1, instance:Khus.Khushbu@1ab3a8c8]" started-at="2023-08-24T12:02:30 IST" name="GooglePixeldetails" finished-at="2023-08-24T12:02:37 IST" duration-ms="6461" status="PASS">
          <reporter-output>
          </reporter-output>
        </test-method> <!-- GooglePixeldetails -->
        <test-method signature="OpenCart()[pri:2, instance:Khus.Khushbu@1ab3a8c8]" started-at="2023-08-24T12:02:37 IST" name="OpenCart" finished-at="2023-08-24T12:02:42 IST" duration-ms="5377" status="PASS">
          <reporter-output>
          </reporter-output>
        </test-method> <!-- OpenCart -->
      </class> <!-- Khus.Khushbu -->
    </test> <!-- Test -->
  </suite> <!-- Suite -->
</testng-results>
