<?xml version="1.0" encoding="UTF-8"?>
<testng-results ignored="0" total="2" passed="2" failed="0" skipped="0">
  <reporter-output>
  </reporter-output>
  <suite started-at="2023-08-24T11:06:54 IST" name="Default suite" finished-at="2023-08-24T11:07:07 IST" duration-ms="12760">
    <groups>
    </groups>
    <test started-at="2023-08-24T11:06:54 IST" name="Default test" finished-at="2023-08-24T11:07:07 IST" duration-ms="12760">
      <class name="Khus.Khushbu">
        <test-method signature="GooglePixeldetails()[pri:1, instance:Khus.Khushbu@13e344d]" started-at="2023-08-24T11:06:54 IST" name="GooglePixeldetails" finished-at="2023-08-24T11:07:02 IST" duration-ms="7335" status="PASS">
          <reporter-output>
          </reporter-output>
        </test-method> <!-- GooglePixeldetails -->
        <test-method signature="OpenCart()[pri:2, instance:Khus.Khushbu@13e344d]" started-at="2023-08-24T11:07:02 IST" name="OpenCart" finished-at="2023-08-24T11:07:07 IST" duration-ms="5362" status="PASS">
          <reporter-output>
          </reporter-output>
        </test-method> <!-- OpenCart -->
      </class> <!-- Khus.Khushbu -->
    </test> <!-- Default test -->
  </suite> <!-- Default suite -->
</testng-results>
